(0.000) 
            SELECT name, type FROM sqlite_master
            WHERE type in ('table', 'view') AND NOT name='sqlite_sequence'
            ORDER BY name; args=None; alias=default
(0.000) SELECT "django_migrations"."id", "django_migrations"."app", "django_migrations"."name", "django_migrations"."applied" FROM "django_migrations"; args=(); alias=default
(0.000) 
            SELECT name, type FROM sqlite_master
            WHERE type in ('table', 'view') AND NOT name='sqlite_sequence'
            ORDER BY name; args=None; alias=default
(0.000) SELECT "django_migrations"."id", "django_migrations"."app", "django_migrations"."name", "django_migrations"."applied" FROM "django_migrations"; args=(); alias=default
(0.000) 
            SELECT name, type FROM sqlite_master
            WHERE type in ('table', 'view') AND NOT name='sqlite_sequence'
            ORDER BY name; args=None; alias=default
(0.000) SELECT "django_migrations"."id", "django_migrations"."app", "django_migrations"."name", "django_migrations"."applied" FROM "django_migrations"; args=(); alias=default
(0.000) SELECT "django_session"."session_key", "django_session"."session_data", "django_session"."expire_date" FROM "django_session" WHERE ("django_session"."expire_date" > '2023-07-26 16:36:53.789770' AND "django_session"."session_key" = 'ly4xqytgtfsqi8k5ylxii9vcqp150glw') LIMIT 21; args=('2023-07-26 16:36:53.789770', 'ly4xqytgtfsqi8k5ylxii9vcqp150glw'); alias=default
(0.000) SELECT "django_session"."session_key", "django_session"."session_data", "django_session"."expire_date" FROM "django_session" WHERE ("django_session"."expire_date" > '2023-07-26 16:39:50.539917' AND "django_session"."session_key" = 'ly4xqytgtfsqi8k5ylxii9vcqp150glw') LIMIT 21; args=('2023-07-26 16:39:50.539917', 'ly4xqytgtfsqi8k5ylxii9vcqp150glw'); alias=default
(0.001) SELECT "django_session"."session_key", "django_session"."session_data", "django_session"."expire_date" FROM "django_session" WHERE ("django_session"."expire_date" > '2023-07-26 19:16:48.655368' AND "django_session"."session_key" = 'ly4xqytgtfsqi8k5ylxii9vcqp150glw') LIMIT 21; args=('2023-07-26 19:16:48.655368', 'ly4xqytgtfsqi8k5ylxii9vcqp150glw'); alias=default
(0.000) SELECT "django_session"."session_key", "django_session"."session_data", "django_session"."expire_date" FROM "django_session" WHERE ("django_session"."expire_date" > '2023-07-26 19:18:20.165102' AND "django_session"."session_key" = 'ly4xqytgtfsqi8k5ylxii9vcqp150glw') LIMIT 21; args=('2023-07-26 19:18:20.165102', 'ly4xqytgtfsqi8k5ylxii9vcqp150glw'); alias=default
(0.000) SELECT "django_session"."session_key", "django_session"."session_data", "django_session"."expire_date" FROM "django_session" WHERE ("django_session"."expire_date" > '2023-07-26 19:18:25.002008' AND "django_session"."session_key" = 'ly4xqytgtfsqi8k5ylxii9vcqp150glw') LIMIT 21; args=('2023-07-26 19:18:25.002008', 'ly4xqytgtfsqi8k5ylxii9vcqp150glw'); alias=default
(0.000) SELECT "django_session"."session_key", "django_session"."session_data", "django_session"."expire_date" FROM "django_session" WHERE ("django_session"."expire_date" > '2023-07-26 19:19:03.447723' AND "django_session"."session_key" = 'ly4xqytgtfsqi8k5ylxii9vcqp150glw') LIMIT 21; args=('2023-07-26 19:19:03.447723', 'ly4xqytgtfsqi8k5ylxii9vcqp150glw'); alias=default
(0.000) SELECT "django_session"."session_key", "django_session"."session_data", "django_session"."expire_date" FROM "django_session" WHERE ("django_session"."expire_date" > '2023-07-26 19:21:34.038316' AND "django_session"."session_key" = 'ly4xqytgtfsqi8k5ylxii9vcqp150glw') LIMIT 21; args=('2023-07-26 19:21:34.038316', 'ly4xqytgtfsqi8k5ylxii9vcqp150glw'); alias=default
(0.001) SELECT "django_session"."session_key", "django_session"."session_data", "django_session"."expire_date" FROM "django_session" WHERE ("django_session"."expire_date" > '2023-07-26 19:29:40.544009' AND "django_session"."session_key" = 'ly4xqytgtfsqi8k5ylxii9vcqp150glw') LIMIT 21; args=('2023-07-26 19:29:40.544009', 'ly4xqytgtfsqi8k5ylxii9vcqp150glw'); alias=default
(0.000) SELECT "django_session"."session_key", "django_session"."session_data", "django_session"."expire_date" FROM "django_session" WHERE ("django_session"."expire_date" > '2023-07-26 19:36:51.268607' AND "django_session"."session_key" = 'ly4xqytgtfsqi8k5ylxii9vcqp150glw') LIMIT 21; args=('2023-07-26 19:36:51.268607', 'ly4xqytgtfsqi8k5ylxii9vcqp150glw'); alias=default
(0.000) SELECT "django_session"."session_key", "django_session"."session_data", "django_session"."expire_date" FROM "django_session" WHERE ("django_session"."expire_date" > '2023-07-26 19:37:20.101542' AND "django_session"."session_key" = 'ly4xqytgtfsqi8k5ylxii9vcqp150glw') LIMIT 21; args=('2023-07-26 19:37:20.101542', 'ly4xqytgtfsqi8k5ylxii9vcqp150glw'); alias=default
(0.001) SELECT "django_session"."session_key", "django_session"."session_data", "django_session"."expire_date" FROM "django_session" WHERE ("django_session"."expire_date" > '2023-07-26 19:37:20.949971' AND "django_session"."session_key" = 'ly4xqytgtfsqi8k5ylxii9vcqp150glw') LIMIT 21; args=('2023-07-26 19:37:20.949971', 'ly4xqytgtfsqi8k5ylxii9vcqp150glw'); alias=default
(0.000) SELECT "django_session"."session_key", "django_session"."session_data", "django_session"."expire_date" FROM "django_session" WHERE ("django_session"."expire_date" > '2023-07-26 19:39:22.093972' AND "django_session"."session_key" = 'ly4xqytgtfsqi8k5ylxii9vcqp150glw') LIMIT 21; args=('2023-07-26 19:39:22.093972', 'ly4xqytgtfsqi8k5ylxii9vcqp150glw'); alias=default
(0.000) SELECT "django_session"."session_key", "django_session"."session_data", "django_session"."expire_date" FROM "django_session" WHERE ("django_session"."expire_date" > '2023-07-26 19:39:23.246702' AND "django_session"."session_key" = 'ly4xqytgtfsqi8k5ylxii9vcqp150glw') LIMIT 21; args=('2023-07-26 19:39:23.246702', 'ly4xqytgtfsqi8k5ylxii9vcqp150glw'); alias=default
(0.000) SELECT "django_session"."session_key", "django_session"."session_data", "django_session"."expire_date" FROM "django_session" WHERE ("django_session"."expire_date" > '2023-07-26 19:41:44.355472' AND "django_session"."session_key" = 'ly4xqytgtfsqi8k5ylxii9vcqp150glw') LIMIT 21; args=('2023-07-26 19:41:44.355472', 'ly4xqytgtfsqi8k5ylxii9vcqp150glw'); alias=default
(0.000) SELECT "django_session"."session_key", "django_session"."session_data", "django_session"."expire_date" FROM "django_session" WHERE ("django_session"."expire_date" > '2023-07-26 19:42:14.138655' AND "django_session"."session_key" = 'ly4xqytgtfsqi8k5ylxii9vcqp150glw') LIMIT 21; args=('2023-07-26 19:42:14.138655', 'ly4xqytgtfsqi8k5ylxii9vcqp150glw'); alias=default
(0.001) SELECT "django_session"."session_key", "django_session"."session_data", "django_session"."expire_date" FROM "django_session" WHERE ("django_session"."expire_date" > '2023-07-26 19:42:31.752404' AND "django_session"."session_key" = 'ly4xqytgtfsqi8k5ylxii9vcqp150glw') LIMIT 21; args=('2023-07-26 19:42:31.752404', 'ly4xqytgtfsqi8k5ylxii9vcqp150glw'); alias=default
(0.001) SELECT "django_session"."session_key", "django_session"."session_data", "django_session"."expire_date" FROM "django_session" WHERE ("django_session"."expire_date" > '2023-07-26 19:42:37.888611' AND "django_session"."session_key" = 'ly4xqytgtfsqi8k5ylxii9vcqp150glw') LIMIT 21; args=('2023-07-26 19:42:37.888611', 'ly4xqytgtfsqi8k5ylxii9vcqp150glw'); alias=default
(0.002) SELECT "django_session"."session_key", "django_session"."session_data", "django_session"."expire_date" FROM "django_session" WHERE ("django_session"."expire_date" > '2023-07-26 19:42:40.165930' AND "django_session"."session_key" = 'ly4xqytgtfsqi8k5ylxii9vcqp150glw') LIMIT 21; args=('2023-07-26 19:42:40.165930', 'ly4xqytgtfsqi8k5ylxii9vcqp150glw'); alias=default
(0.009) SELECT "django_session"."session_key", "django_session"."session_data", "django_session"."expire_date" FROM "django_session" WHERE ("django_session"."expire_date" > '2023-07-26 19:42:46.730956' AND "django_session"."session_key" = 'ly4xqytgtfsqi8k5ylxii9vcqp150glw') LIMIT 21; args=('2023-07-26 19:42:46.730956', 'ly4xqytgtfsqi8k5ylxii9vcqp150glw'); alias=default
(0.009) SELECT "django_session"."session_key", "django_session"."session_data", "django_session"."expire_date" FROM "django_session" WHERE ("django_session"."expire_date" > '2023-07-26 19:42:54.783488' AND "django_session"."session_key" = 'ly4xqytgtfsqi8k5ylxii9vcqp150glw') LIMIT 21; args=('2023-07-26 19:42:54.783488', 'ly4xqytgtfsqi8k5ylxii9vcqp150glw'); alias=default
(0.002) SELECT "django_session"."session_key", "django_session"."session_data", "django_session"."expire_date" FROM "django_session" WHERE ("django_session"."expire_date" > '2023-07-26 19:43:09.584413' AND "django_session"."session_key" = 'ly4xqytgtfsqi8k5ylxii9vcqp150glw') LIMIT 21; args=('2023-07-26 19:43:09.584413', 'ly4xqytgtfsqi8k5ylxii9vcqp150glw'); alias=default
(0.000) SELECT "django_session"."session_key", "django_session"."session_data", "django_session"."expire_date" FROM "django_session" WHERE ("django_session"."expire_date" > '2023-07-26 19:43:15.014697' AND "django_session"."session_key" = 'ly4xqytgtfsqi8k5ylxii9vcqp150glw') LIMIT 21; args=('2023-07-26 19:43:15.014697', 'ly4xqytgtfsqi8k5ylxii9vcqp150glw'); alias=default
(0.001) SELECT "django_session"."session_key", "django_session"."session_data", "django_session"."expire_date" FROM "django_session" WHERE ("django_session"."expire_date" > '2023-07-26 19:43:17.446126' AND "django_session"."session_key" = 'ly4xqytgtfsqi8k5ylxii9vcqp150glw') LIMIT 21; args=('2023-07-26 19:43:17.446126', 'ly4xqytgtfsqi8k5ylxii9vcqp150glw'); alias=default
(0.000) SELECT "django_session"."session_key", "django_session"."session_data", "django_session"."expire_date" FROM "django_session" WHERE ("django_session"."expire_date" > '2023-07-26 19:43:23.893736' AND "django_session"."session_key" = 'ly4xqytgtfsqi8k5ylxii9vcqp150glw') LIMIT 21; args=('2023-07-26 19:43:23.893736', 'ly4xqytgtfsqi8k5ylxii9vcqp150glw'); alias=default
(0.002) SELECT "django_session"."session_key", "django_session"."session_data", "django_session"."expire_date" FROM "django_session" WHERE ("django_session"."expire_date" > '2023-07-26 19:43:30.269650' AND "django_session"."session_key" = 'ly4xqytgtfsqi8k5ylxii9vcqp150glw') LIMIT 21; args=('2023-07-26 19:43:30.269650', 'ly4xqytgtfsqi8k5ylxii9vcqp150glw'); alias=default
(0.001) SELECT "django_session"."session_key", "django_session"."session_data", "django_session"."expire_date" FROM "django_session" WHERE ("django_session"."expire_date" > '2023-07-26 19:43:30.853156' AND "django_session"."session_key" = 'ly4xqytgtfsqi8k5ylxii9vcqp150glw') LIMIT 21; args=('2023-07-26 19:43:30.853156', 'ly4xqytgtfsqi8k5ylxii9vcqp150glw'); alias=default
(0.000) SELECT "django_session"."session_key", "django_session"."session_data", "django_session"."expire_date" FROM "django_session" WHERE ("django_session"."expire_date" > '2023-07-26 19:43:40.880239' AND "django_session"."session_key" = 'ly4xqytgtfsqi8k5ylxii9vcqp150glw') LIMIT 21; args=('2023-07-26 19:43:40.880239', 'ly4xqytgtfsqi8k5ylxii9vcqp150glw'); alias=default
(0.001) SELECT "django_session"."session_key", "django_session"."session_data", "django_session"."expire_date" FROM "django_session" WHERE ("django_session"."expire_date" > '2023-07-26 19:44:07.261788' AND "django_session"."session_key" = 'ly4xqytgtfsqi8k5ylxii9vcqp150glw') LIMIT 21; args=('2023-07-26 19:44:07.261788', 'ly4xqytgtfsqi8k5ylxii9vcqp150glw'); alias=default
(0.000) SELECT "django_session"."session_key", "django_session"."session_data", "django_session"."expire_date" FROM "django_session" WHERE ("django_session"."expire_date" > '2023-07-26 19:46:00.461332' AND "django_session"."session_key" = 'ly4xqytgtfsqi8k5ylxii9vcqp150glw') LIMIT 21; args=('2023-07-26 19:46:00.461332', 'ly4xqytgtfsqi8k5ylxii9vcqp150glw'); alias=default
(0.000) SELECT "django_session"."session_key", "django_session"."session_data", "django_session"."expire_date" FROM "django_session" WHERE ("django_session"."expire_date" > '2023-07-26 19:46:23.347032' AND "django_session"."session_key" = 'ly4xqytgtfsqi8k5ylxii9vcqp150glw') LIMIT 21; args=('2023-07-26 19:46:23.347032', 'ly4xqytgtfsqi8k5ylxii9vcqp150glw'); alias=default
(0.001) SELECT "django_session"."session_key", "django_session"."session_data", "django_session"."expire_date" FROM "django_session" WHERE ("django_session"."expire_date" > '2023-07-26 19:50:51.947531' AND "django_session"."session_key" = 'ly4xqytgtfsqi8k5ylxii9vcqp150glw') LIMIT 21; args=('2023-07-26 19:50:51.947531', 'ly4xqytgtfsqi8k5ylxii9vcqp150glw'); alias=default
(0.000) SELECT "django_session"."session_key", "django_session"."session_data", "django_session"."expire_date" FROM "django_session" WHERE ("django_session"."expire_date" > '2023-07-26 19:51:01.060386' AND "django_session"."session_key" = 'ly4xqytgtfsqi8k5ylxii9vcqp150glw') LIMIT 21; args=('2023-07-26 19:51:01.060386', 'ly4xqytgtfsqi8k5ylxii9vcqp150glw'); alias=default
(0.000) SELECT "django_session"."session_key", "django_session"."session_data", "django_session"."expire_date" FROM "django_session" WHERE ("django_session"."expire_date" > '2023-07-26 19:51:47.200418' AND "django_session"."session_key" = 'ly4xqytgtfsqi8k5ylxii9vcqp150glw') LIMIT 21; args=('2023-07-26 19:51:47.200418', 'ly4xqytgtfsqi8k5ylxii9vcqp150glw'); alias=default
